<?xml version="1.0" encoding="UTF-8"?>
<!-- Generated by org.testng.reporters.JUnitReportReporter -->
<testsuite hostname="LAPTOP-LRA4M34E" failures="0" tests="4" name="api.test.UserTests2" time="9.038" errors="0" timestamp="2024-09-27T00:47:33 CDT" skipped="0">
  <testcase classname="api.test.UserTests2" name="testPostUser" time="4.222"/>
  <system-out/>
  <testcase classname="api.test.UserTests2" name="testGetUserByName" time="1.278"/>
  <system-out/>
  <testcase classname="api.test.UserTests2" name="testUpdateUserByName" time="2.366"/>
  <system-out/>
  <testcase classname="api.test.UserTests2" name="testDeleteUserByName" time="1.172"/>
  <system-out/>
</testsuite> <!-- api.test.UserTests2 -->
