<?xml version="1.0" encoding="UTF-8"?>
<!-- Generated by org.testng.reporters.JUnitReportReporter -->
<testsuite hostname="LAPTOP-LRA4M34E" failures="0" tests="4" name="api.test.UserTests" time="17.217" errors="0" timestamp="2024-09-27T01:54:09 CDT" skipped="0">
  <testcase classname="api.test.UserTests" name="testPostUser" time="10.310"/>
  <system-out/>
  <testcase classname="api.test.UserTests" name="testGetUserByName" time="1.797"/>
  <system-out/>
  <testcase classname="api.test.UserTests" name="testUpdateUserByName" time="3.280"/>
  <system-out/>
  <testcase classname="api.test.UserTests" name="testDeleteUserByName" time="1.830"/>
  <system-out/>
</testsuite> <!-- api.test.UserTests -->
